#
# There is insufficient memory for the Java Runtime Environment to continue.
# Native memory allocation (malloc) failed to allocate 1048576 bytes for AllocateHeap
# Possible reasons:
#   The system is out of physical RAM or swap space
#   In 32 bit mode, the process size limit was hit
# Possible solutions:
#   Reduce memory load on the system
#   Increase physical memory or swap space
#   Check if swap backing store is full
#   Use 64 bit Java on a 64 bit OS
#   Decrease Java heap size (-Xmx/-Xms)
#   Decrease number of Java threads
#   Decrease Java thread stack sizes (-Xss)
#   Set larger code cache with -XX:ReservedCodeCacheSize=
# This output file may be truncated or incomplete.
#
#  Out of Memory Error (memory/allocation.inline.hpp:61), pid=10536, tid=6676
#
# JRE version:  (8.0_60-b27) (build )
# Java VM: Java HotSpot(TM) 64-Bit Server VM (25.60-b23 mixed mode windows-amd64 compressed oops)
# Failed to write core dump. Minidumps are not enabled by default on client versions of Windows
#

---------------  T H R E A D  ---------------

Current thread (0x00000000032a0800):  JavaThread "Unknown thread" [_thread_in_vm, id=6676, stack(0x00000000031a0000,0x00000000032a0000)]

Stack: [0x00000000031a0000,0x00000000032a0000]
[error occurred during error reporting (printing stack bounds), id 0xc0000005]

Native frames: (J=compiled Java code, j=interpreted, Vv=VM code, C=native code)


---------------  P R O C E S S  ---------------

Java Threads: ( => current thread )

Other Threads:

=>0x00000000032a0800 (exited) JavaThread "Unknown thread" [_thread_in_vm, id=6676, stack(0x00000000031a0000,0x00000000032a0000)]

VM state:not at safepoint (normal execution)

VM Mutex/Monitor currently owned by a thread: None

Heap:
 PSYoungGen      total 36864K, used 634K [0x00000000eab00000, 0x00000000ed400000, 0x0000000100000000)
  eden space 31744K, 2% used [0x00000000eab00000,0x00000000eab9eb90,0x00000000eca00000)
  from space 5120K, 0% used [0x00000000ecf00000,0x00000000ecf00000,0x00000000ed400000)
  to   space 5120K, 0% used [0x00000000eca00000,0x00000000eca00000,0x00000000ecf00000)
 ParOldGen       total 84992K, used 0K [0x00000000c0000000, 0x00000000c5300000, 0x00000000eab00000)
  object space 84992K, 0% used [0x00000000c0000000,0x00000000c0000000,0x00000000c5300000)
 Metaspace       used 767K, capacity 4480K, committed 4480K, reserved 1056768K
  class space    used 75K, capacity 384K, committed 384K, reserved 1048576K

Card table byte_map: [0x0000000012760000,0x0000000012970000] byte_map_base: 0x0000000012160000

Marking Bits: (ParMarkBitMap*) 0x000000006009a5b0
 Begin Bits: [0x0000000012ed0000, 0x0000000013ed0000)
 End Bits:   [0x0000000013ed0000, 0x0000000014ed0000)

Polling page: 0x0000000001500000

CodeCache: size=245760Kb used=328Kb max_used=328Kb free=245431Kb
 bounds [0x00000000033a0000, 0x0000000003610000, 0x00000000123a0000]
 total_blobs=57 nmethods=0 adapters=37
 compilation: enabled

Compilation events (0 events):
No events

GC Heap History (0 events):
No events

Deoptimization events (0 events):
No events

Internal exceptions (0 events):
No events

Events (10 events):
Event: 0.025 loading class java/lang/Short
Event: 0.025 loading class java/lang/Short done
Event: 0.025 loading class java/lang/Integer
Event: 0.025 loading class java/lang/Integer done
Event: 0.025 loading class java/lang/Long
Event: 0.025 loading class java/lang/Long done
Event: 0.026 loading class java/lang/NullPointerException
Event: 0.026 loading class java/lang/NullPointerException done
Event: 0.026 loading class java/lang/ArithmeticException
Event: 0.026 loading class java/lang/ArithmeticException done


Dynamic libraries:
0x00007ff6ad290000 - 0x00007ff6ad2c7000 	C:\Software\Tools\Java\bin\java.exe
0x00007ffbe6020000 - 0x00007ffbe61e1000 	C:\Windows\SYSTEM32\ntdll.dll
0x00007ffbe3840000 - 0x00007ffbe38ed000 	C:\Windows\system32\KERNEL32.DLL
0x00007ffbe3510000 - 0x00007ffbe36ed000 	C:\Windows\system32\KERNELBASE.dll
0x00007ffbe5d60000 - 0x00007ffbe5e06000 	C:\Windows\system32\ADVAPI32.dll
0x00007ffbe4270000 - 0x00007ffbe430d000 	C:\Windows\system32\msvcrt.dll
0x00007ffbe5ce0000 - 0x00007ffbe5d3b000 	C:\Windows\system32\sechost.dll
0x00007ffbe4680000 - 0x00007ffbe47a6000 	C:\Windows\system32\RPCRT4.dll
0x00007ffbe36f0000 - 0x00007ffbe383e000 	C:\Windows\system32\USER32.dll
0x00007ffbe40e0000 - 0x00007ffbe4266000 	C:\Windows\system32\GDI32.dll
0x00007ffbe1890000 - 0x00007ffbe1b04000 	C:\Windows\WinSxS\amd64_microsoft.windows.common-controls_6595b64144ccf1df_6.0.10240.16384_none_f41f7b285750ef43\COMCTL32.dll
0x00007ffbe5fe0000 - 0x00007ffbe6016000 	C:\Windows\system32\IMM32.DLL
0x00007ffbe3950000 - 0x00007ffbe3aac000 	C:\Windows\system32\MSCTF.dll
0x000000005f0f0000 - 0x000000005f1c2000 	C:\Software\Tools\Java\jre\bin\msvcr100.dll
0x000000005f890000 - 0x0000000060119000 	C:\Software\Tools\Java\jre\bin\server\jvm.dll
0x00007ffbe5e80000 - 0x00007ffbe5e88000 	C:\Windows\system32\PSAPI.DLL
0x00007ffbe0b50000 - 0x00007ffbe0b59000 	C:\Windows\SYSTEM32\WSOCK32.dll
0x00007ffbe0b20000 - 0x00007ffbe0b43000 	C:\Windows\SYSTEM32\WINMM.dll
0x00007ffbe1660000 - 0x00007ffbe166a000 	C:\Windows\SYSTEM32\VERSION.dll
0x00007ffbe4320000 - 0x00007ffbe4389000 	C:\Windows\system32\WS2_32.dll
0x00007ffbe3f90000 - 0x00007ffbe3f98000 	C:\Windows\system32\NSI.dll
0x00007ffbe0ac0000 - 0x00007ffbe0aec000 	C:\Windows\SYSTEM32\winmmbase.dll
0x00007ffbe2dd0000 - 0x00007ffbe2e14000 	C:\Windows\system32\cfgmgr32.dll
0x00007ffbe0e10000 - 0x00007ffbe0e37000 	C:\Windows\SYSTEM32\DEVOBJ.dll
0x000000005f880000 - 0x000000005f88f000 	C:\Software\Tools\Java\jre\bin\verify.dll
0x000000005f850000 - 0x000000005f879000 	C:\Software\Tools\Java\jre\bin\java.dll
0x000000005f830000 - 0x000000005f846000 	C:\Software\Tools\Java\jre\bin\zip.dll

VM Arguments:
jvm_args: -Xmx1024M -Dfile.encoding=GBK -Duser.country=CN -Duser.language=zh -Duser.variant 
java_command: com.android.dx.command.Main --dex --output C:\Users\Aaron\Desktop\Smart Phone\Othello\app\build\intermediates\dex\debug C:\Users\Aaron\Desktop\Smart Phone\Othello\app\build\intermediates\classes\debug
java_class_path (initial): C:\Software\Works\Androidsdk\build-tools\22.0.1\lib\dx.jar
Launcher Type: SUN_STANDARD

Environment Variables:
JAVA_HOME=C:\Software\Tools\Java
CLASSPATH=C:\Software\Tools\Java\lib\tools.jar.;C:\Software\Tools\Java\lib.;c:\Program Files (x86)\QuickTime\QTSystem\QTJava.zip
PATH=C:\Software\Tools\Java\bin.;C:\Software\Tools\Java\jre\bin.;
USERNAME=Aaron
OS=Windows_NT
PROCESSOR_IDENTIFIER=Intel64 Family 6 Model 58 Stepping 9, GenuineIntel



---------------  S Y S T E M  ---------------

OS: Windows 10.0 , 64 bit Build 10240 (10.0.10240.16384)

CPU:total 4 (2 cores per cpu, 2 threads per core) family 6 model 58 stepping 9, cmov, cx8, fxsr, mmx, sse, sse2, sse3, ssse3, sse4.1, sse4.2, popcnt, avx, aes, clmul, erms, ht, tsc, tscinvbit, tscinv

Memory: 4k page, physical 8077096k(1388316k free), swap 8077096k(5400k free)

vm_info: Java HotSpot(TM) 64-Bit Server VM (25.60-b23) for windows-amd64 JRE (1.8.0_60-b27), built on Aug  4 2015 11:06:27 by "java_re" with MS VC++ 10.0 (VS2010)

time: Sun Nov 08 17:40:49 2015
elapsed time: 0 seconds (0d 0h 0m 0s)

