#
# There is insufficient memory for the Java Runtime Environment to continue.
# Native memory allocation (malloc) failed to allocate 1048576 bytes for AllocateHeap
# Possible reasons:
#   The system is out of physical RAM or swap space
#   In 32 bit mode, the process size limit was hit
# Possible solutions:
#   Reduce memory load on the system
#   Increase physical memory or swap space
#   Check if swap backing store is full
#   Use 64 bit Java on a 64 bit OS
#   Decrease Java heap size (-Xmx/-Xms)
#   Decrease number of Java threads
#   Decrease Java thread stack sizes (-Xss)
#   Set larger code cache with -XX:ReservedCodeCacheSize=
# This output file may be truncated or incomplete.
#
#  Out of Memory Error (memory/allocation.inline.hpp:61), pid=7548, tid=9780
#
# JRE version:  (8.0_60-b27) (build )
# Java VM: Java HotSpot(TM) 64-Bit Server VM (25.60-b23 mixed mode windows-amd64 compressed oops)
# Failed to write core dump. Minidumps are not enabled by default on client versions of Windows
#

---------------  T H R E A D  ---------------

Current thread (0x0000000002bd0800):  JavaThread "Unknown thread" [_thread_in_vm, id=9780, stack(0x0000000002770000,0x0000000002870000)]

Stack: [0x0000000002770000,0x0000000002870000]
[error occurred during error reporting (printing stack bounds), id 0xc0000005]

Native frames: (J=compiled Java code, j=interpreted, Vv=VM code, C=native code)


---------------  P R O C E S S  ---------------

Java Threads: ( => current thread )

Other Threads:

=>0x0000000002bd0800 (exited) JavaThread "Unknown thread" [_thread_in_vm, id=9780, stack(0x0000000002770000,0x0000000002870000)]

VM state:not at safepoint (normal execution)

VM Mutex/Monitor currently owned by a thread: None

Heap:
 PSYoungGen      total 36864K, used 634K [0x00000000eab00000, 0x00000000ed400000, 0x0000000100000000)
  eden space 31744K, 2% used [0x00000000eab00000,0x00000000eab9eb90,0x00000000eca00000)
  from space 5120K, 0% used [0x00000000ecf00000,0x00000000ecf00000,0x00000000ed400000)
  to   space 5120K, 0% used [0x00000000eca00000,0x00000000eca00000,0x00000000ecf00000)
 ParOldGen       total 84992K, used 0K [0x00000000c0000000, 0x00000000c5300000, 0x00000000eab00000)
  object space 84992K, 0% used [0x00000000c0000000,0x00000000c0000000,0x00000000c5300000)
 Metaspace       used 767K, capacity 4480K, committed 4480K, reserved 1056768K
  class space    used 75K, capacity 384K, committed 384K, reserved 1048576K

Card table byte_map: [0x0000000012090000,0x00000000122a0000] byte_map_base: 0x0000000011a90000

Marking Bits: (ParMarkBitMap*) 0x0000000070a6a5b0
 Begin Bits: [0x0000000012800000, 0x0000000013800000)
 End Bits:   [0x0000000013800000, 0x0000000014800000)

Polling page: 0x0000000000f90000

CodeCache: size=245760Kb used=328Kb max_used=328Kb free=245431Kb
 bounds [0x0000000002cd0000, 0x0000000002f40000, 0x0000000011cd0000]
 total_blobs=57 nmethods=0 adapters=37
 compilation: enabled

Compilation events (0 events):
No events

GC Heap History (0 events):
No events

Deoptimization events (0 events):
No events

Internal exceptions (0 events):
No events

Events (10 events):
Event: 0.029 loading class java/lang/Short
Event: 0.029 loading class java/lang/Short done
Event: 0.029 loading class java/lang/Integer
Event: 0.029 loading class java/lang/Integer done
Event: 0.029 loading class java/lang/Long
Event: 0.029 loading class java/lang/Long done
Event: 0.029 loading class java/lang/NullPointerException
Event: 0.030 loading class java/lang/NullPointerException done
Event: 0.030 loading class java/lang/ArithmeticException
Event: 0.030 loading class java/lang/ArithmeticException done


Dynamic libraries:
0x00007ff6d9cb0000 - 0x00007ff6d9ce7000 	C:\Software\Tools\Java\bin\java.exe
0x00007fff13650000 - 0x00007fff13811000 	C:\Windows\SYSTEM32\ntdll.dll
0x00007fff11720000 - 0x00007fff117cd000 	C:\Windows\system32\KERNEL32.DLL
0x00007fff10b40000 - 0x00007fff10d1d000 	C:\Windows\system32\KERNELBASE.dll
0x00007fff112c0000 - 0x00007fff11366000 	C:\Windows\system32\ADVAPI32.dll
0x00007fff10da0000 - 0x00007fff10e3d000 	C:\Windows\system32\msvcrt.dll
0x00007fff10d20000 - 0x00007fff10d7b000 	C:\Windows\system32\sechost.dll
0x00007fff13270000 - 0x00007fff13396000 	C:\Windows\system32\RPCRT4.dll
0x00007fff133a0000 - 0x00007fff134ee000 	C:\Windows\system32\USER32.dll
0x00007fff11830000 - 0x00007fff119b6000 	C:\Windows\system32\GDI32.dll
0x00007fff0eec0000 - 0x00007fff0f134000 	C:\Windows\WinSxS\amd64_microsoft.windows.common-controls_6595b64144ccf1df_6.0.10240.16384_none_f41f7b285750ef43\COMCTL32.dll
0x00007fff10ea0000 - 0x00007fff10ed6000 	C:\Windows\system32\IMM32.DLL
0x00007fff11160000 - 0x00007fff112bc000 	C:\Windows\system32\MSCTF.dll
0x000000006fde0000 - 0x000000006feb2000 	C:\Software\Tools\Java\jre\bin\msvcr100.dll
0x0000000070260000 - 0x0000000070ae9000 	C:\Software\Tools\Java\jre\bin\server\jvm.dll
0x00007fff13250000 - 0x00007fff13258000 	C:\Windows\system32\PSAPI.DLL
0x00007fff0dc20000 - 0x00007fff0dc29000 	C:\Windows\SYSTEM32\WSOCK32.dll
0x00007fff0e150000 - 0x00007fff0e173000 	C:\Windows\SYSTEM32\WINMM.dll
0x00007fff115f0000 - 0x00007fff11659000 	C:\Windows\system32\WS2_32.dll
0x00007fff13640000 - 0x00007fff13648000 	C:\Windows\system32\NSI.dll
0x00007fff0ec90000 - 0x00007fff0ec9a000 	C:\Windows\SYSTEM32\VERSION.dll
0x00007fff0e0f0000 - 0x00007fff0e11c000 	C:\Windows\SYSTEM32\WINMMBASE.dll
0x00007fff10180000 - 0x00007fff101c4000 	C:\Windows\system32\cfgmgr32.dll
0x00007fff0e3a0000 - 0x00007fff0e3c7000 	C:\Windows\SYSTEM32\DEVOBJ.dll
0x0000000070250000 - 0x000000007025f000 	C:\Software\Tools\Java\jre\bin\verify.dll
0x0000000070220000 - 0x0000000070249000 	C:\Software\Tools\Java\jre\bin\java.dll
0x0000000070200000 - 0x0000000070216000 	C:\Software\Tools\Java\jre\bin\zip.dll

VM Arguments:
jvm_args: -Xmx1024M -Dfile.encoding=GBK -Duser.country=CN -Duser.language=zh -Duser.variant 
java_command: com.android.dx.command.Main --dex --output C:\Users\Aaron\Desktop\Smart Phone\Othello\app\build\intermediates\dex\debug C:\Users\Aaron\Desktop\Smart Phone\Othello\app\build\intermediates\classes\debug
java_class_path (initial): C:\Software\Works\Androidsdk\build-tools\22.0.1\lib\dx.jar
Launcher Type: SUN_STANDARD

Environment Variables:
JAVA_HOME=C:\Software\Tools\Java
CLASSPATH=C:\Software\Tools\Java\lib\tools.jar.;C:\Software\Tools\Java\lib.;c:\Program Files (x86)\QuickTime\QTSystem\QTJava.zip
PATH=C:\Software\Tools\Java\bin.;C:\Software\Tools\Java\jre\bin.;
USERNAME=Aaron
OS=Windows_NT
PROCESSOR_IDENTIFIER=Intel64 Family 6 Model 58 Stepping 9, GenuineIntel



---------------  S Y S T E M  ---------------

OS: Windows 10.0 , 64 bit Build 10240 (10.0.10240.16384)

CPU:total 4 (2 cores per cpu, 2 threads per core) family 6 model 58 stepping 9, cmov, cx8, fxsr, mmx, sse, sse2, sse3, ssse3, sse4.1, sse4.2, popcnt, avx, aes, clmul, erms, ht, tsc, tscinvbit, tscinv

Memory: 4k page, physical 8077096k(1398992k free), swap 8077096k(5500k free)

vm_info: Java HotSpot(TM) 64-Bit Server VM (25.60-b23) for windows-amd64 JRE (1.8.0_60-b27), built on Aug  4 2015 11:06:27 by "java_re" with MS VC++ 10.0 (VS2010)

time: Sun Oct 25 22:22:47 2015
elapsed time: 0 seconds (0d 0h 0m 0s)

