#
# There is insufficient memory for the Java Runtime Environment to continue.
# Native memory allocation (malloc) failed to allocate 431296 bytes for Chunk::new
# Possible reasons:
#   The system is out of physical RAM or swap space
#   In 32 bit mode, the process size limit was hit
# Possible solutions:
#   Reduce memory load on the system
#   Increase physical memory or swap space
#   Check if swap backing store is full
#   Use 64 bit Java on a 64 bit OS
#   Decrease Java heap size (-Xmx/-Xms)
#   Decrease number of Java threads
#   Decrease Java thread stack sizes (-Xss)
#   Set larger code cache with -XX:ReservedCodeCacheSize=
# This output file may be truncated or incomplete.
#
#  Out of Memory Error (allocation.cpp:390), pid=7484, tid=3264
#
# JRE version: Java(TM) SE Runtime Environment (8.0_60-b27) (build 1.8.0_60-b27)
# Java VM: Java HotSpot(TM) 64-Bit Server VM (25.60-b23 mixed mode windows-amd64 compressed oops)
# Failed to write core dump. Minidumps are not enabled by default on client versions of Windows
#

---------------  T H R E A D  ---------------

Current thread (0x000000001571d800):  JavaThread "C2 CompilerThread1" daemon [_thread_in_native, id=3264, stack(0x0000000017110000,0x0000000017210000)]

Stack: [0x0000000017110000,0x0000000017210000]
[error occurred during error reporting (printing stack bounds), id 0xc0000005]

Native frames: (J=compiled Java code, j=interpreted, Vv=VM code, C=native code)


Current CompileTask:
C2:    462  554       4       com.android.dx.ssa.NormalSsaInsn::accept (25 bytes)


---------------  P R O C E S S  ---------------

Java Threads: ( => current thread )
  0x0000000016d20000 JavaThread "Service Thread" daemon [_thread_blocked, id=4016, stack(0x0000000017310000,0x0000000017410000)]
  0x0000000016d15000 JavaThread "C1 CompilerThread2" daemon [_thread_in_native, id=11228, stack(0x0000000017210000,0x0000000017310000)]
=>0x000000001571d800 JavaThread "C2 CompilerThread1" daemon [_thread_in_native, id=3264, stack(0x0000000017110000,0x0000000017210000)]
  0x000000001571b800 JavaThread "C2 CompilerThread0" daemon [_thread_in_native, id=9772, stack(0x0000000016c10000,0x0000000016d10000)]
  0x00000000156ce800 JavaThread "Attach Listener" daemon [_thread_blocked, id=4584, stack(0x0000000016b10000,0x0000000016c10000)]
  0x00000000156cd800 JavaThread "Signal Dispatcher" daemon [_thread_blocked, id=11248, stack(0x0000000016a10000,0x0000000016b10000)]
  0x0000000002fe7000 JavaThread "Finalizer" daemon [_thread_blocked, id=2896, stack(0x0000000016910000,0x0000000016a10000)]
  0x0000000015689000 JavaThread "Reference Handler" daemon [_thread_blocked, id=9824, stack(0x0000000016810000,0x0000000016910000)]
  0x0000000002ef0800 JavaThread "main" [_thread_in_vm, id=7500, stack(0x0000000002df0000,0x0000000002ef0000)]

Other Threads:
  0x0000000015686800 VMThread [stack: 0x0000000016710000,0x0000000016810000] [id=7092]
  0x0000000016ddc000 WatcherThread [stack: 0x0000000017410000,0x0000000017510000] [id=11244]

VM state:not at safepoint (normal execution)

VM Mutex/Monitor currently owned by a thread: None

Heap:
 PSYoungGen      total 36864K, used 11063K [0x00000000eab00000, 0x00000000ed400000, 0x0000000100000000)
  eden space 31744K, 34% used [0x00000000eab00000,0x00000000eb5cdce0,0x00000000eca00000)
  from space 5120K, 0% used [0x00000000ecf00000,0x00000000ecf00000,0x00000000ed400000)
  to   space 5120K, 0% used [0x00000000eca00000,0x00000000eca00000,0x00000000ecf00000)
 ParOldGen       total 84992K, used 0K [0x00000000c0000000, 0x00000000c5300000, 0x00000000eab00000)
  object space 84992K, 0% used [0x00000000c0000000,0x00000000c0000000,0x00000000c5300000)
 Metaspace       used 5077K, capacity 6512K, committed 6784K, reserved 1056768K
  class space    used 538K, capacity 616K, committed 640K, reserved 1048576K

Card table byte_map: [0x00000000123b0000,0x00000000125c0000] byte_map_base: 0x0000000011db0000

Marking Bits: (ParMarkBitMap*) 0x000000006009a5b0
 Begin Bits: [0x0000000012b20000, 0x0000000013b20000)
 End Bits:   [0x0000000013b20000, 0x0000000014b20000)

Polling page: 0x00000000011b0000

CodeCache: size=245760Kb used=2396Kb max_used=2396Kb free=243363Kb
 bounds [0x0000000002ff0000, 0x0000000003260000, 0x0000000011ff0000]
 total_blobs=833 nmethods=573 adapters=173
 compilation: enabled

Compilation events (10 events):
Event: 0.457 Thread 0x0000000016d15000 nmethod 564 0x0000000003231310 code [0x00000000032315c0, 0x0000000003232af8]
Event: 0.457 Thread 0x0000000016d15000  569       3       java.util.Collections$UnmodifiableCollection::<init> (22 bytes)
Event: 0.458 Thread 0x0000000016d15000 nmethod 569 0x0000000003230d10 code [0x0000000003230e80, 0x0000000003231148]
Event: 0.458 Thread 0x0000000016d15000  570       3       java.util.Collections::unmodifiableList (27 bytes)
Event: 0.458 Thread 0x0000000016d15000 nmethod 570 0x000000000323b490 code [0x000000000323b660, 0x000000000323beb8]
Event: 0.458 Thread 0x0000000016d15000  574       3       com.android.dx.ssa.back.LivenessAnalyzer::handleTailRecursion (94 bytes)
Event: 0.459 Thread 0x0000000016d15000 nmethod 574 0x0000000003242410 code [0x00000000032425e0, 0x0000000003242b28]
Event: 0.459 Thread 0x0000000016d15000  571       3       java.util.Collections$UnmodifiableRandomAccessList::<init> (6 bytes)
Event: 0.459 Thread 0x0000000016d15000 nmethod 571 0x0000000003242d50 code [0x0000000003242ee0, 0x0000000003243288]
Event: 0.459 Thread 0x0000000016d15000  577       3       java.util.BitSet::or (105 bytes)

GC Heap History (0 events):
No events

Deoptimization events (1 events):
Event: 0.434 Thread 0x0000000002ef0800 Uncommon trap: reason=unstable_if action=reinterpret pc=0x00000000031d159c method=java.util.HashMap.getNode(ILjava/lang/Object;)Ljava/util/HashMap$Node; @ 129

Internal exceptions (2 events):
Event: 0.039 Thread 0x0000000002ef0800 Exception <a 'java/lang/NoSuchMethodError': Method sun.misc.Unsafe.defineClass(Ljava/lang/String;[BII)Ljava/lang/Class; name or signature does not match> (0x00000000eab13070) thrown at [C:\re\workspace\8-2-build-windows-amd64-cygwin\jdk8u60\4407\hotspot\sr¯ï×Ž>¤?
Event: 0.040 Thread 0x0000000002ef0800 Exception <a 'java/lang/NoSuchMethodError': Method sun.misc.Unsafe.prefetchRead(Ljava/lang/Object;J)V name or signature does not match> (0x00000000eab13358) thrown at [C:\re\workspace\8-2-build-windows-amd64-cygwin\jdk8u60\4407\hotspot\src\share\vm\prims\j

Events (10 events):
Event: 0.371 loading class com/android/dx/cf/attrib/AttSignature done
Event: 0.373 loading class com/android/dx/cf/attrib/AttLocalVariableTypeTable
Event: 0.373 loading class com/android/dx/cf/attrib/AttLocalVariableTypeTable done
Event: 0.375 loading class com/android/dx/rop/cst/CstArray$List
Event: 0.375 loading class com/android/dx/rop/cst/CstArray$List done
Event: 0.376 loading class com/android/dx/dex/file/FieldAnnotationStruct
Event: 0.376 loading class com/android/dx/dex/file/FieldAnnotationStruct done
Event: 0.434 Thread 0x0000000002ef0800 Uncommon trap: trap_request=0xffffff65 fr.pc=0x00000000031d159c
Event: 0.434 Thread 0x0000000002ef0800 DEOPT PACKING pc=0x00000000031d159c sp=0x0000000002eee1a0
Event: 0.434 Thread 0x0000000002ef0800 DEOPT UNPACKING pc=0x000000000303582a sp=0x0000000002eee118 mode 2


Dynamic libraries:
0x00007ff6ad290000 - 0x00007ff6ad2c7000 	C:\Software\Tools\Java\bin\java.exe
0x00007ffbe6020000 - 0x00007ffbe61e1000 	C:\Windows\SYSTEM32\ntdll.dll
0x00007ffbe3840000 - 0x00007ffbe38ed000 	C:\Windows\system32\KERNEL32.DLL
0x00007ffbe3510000 - 0x00007ffbe36ed000 	C:\Windows\system32\KERNELBASE.dll
0x00007ffbe5d60000 - 0x00007ffbe5e06000 	C:\Windows\system32\ADVAPI32.dll
0x00007ffbe4270000 - 0x00007ffbe430d000 	C:\Windows\system32\msvcrt.dll
0x00007ffbe5ce0000 - 0x00007ffbe5d3b000 	C:\Windows\system32\sechost.dll
0x00007ffbe4680000 - 0x00007ffbe47a6000 	C:\Windows\system32\RPCRT4.dll
0x00007ffbe36f0000 - 0x00007ffbe383e000 	C:\Windows\system32\USER32.dll
0x00007ffbe40e0000 - 0x00007ffbe4266000 	C:\Windows\system32\GDI32.dll
0x00007ffbe1890000 - 0x00007ffbe1b04000 	C:\Windows\WinSxS\amd64_microsoft.windows.common-controls_6595b64144ccf1df_6.0.10240.16384_none_f41f7b285750ef43\COMCTL32.dll
0x00007ffbe5fe0000 - 0x00007ffbe6016000 	C:\Windows\system32\IMM32.DLL
0x00007ffbe3950000 - 0x00007ffbe3aac000 	C:\Windows\system32\MSCTF.dll
0x000000005f0f0000 - 0x000000005f1c2000 	C:\Software\Tools\Java\jre\bin\msvcr100.dll
0x000000005f890000 - 0x0000000060119000 	C:\Software\Tools\Java\jre\bin\server\jvm.dll
0x00007ffbe5e80000 - 0x00007ffbe5e88000 	C:\Windows\system32\PSAPI.DLL
0x00007ffbe0b50000 - 0x00007ffbe0b59000 	C:\Windows\SYSTEM32\WSOCK32.dll
0x00007ffbe0b20000 - 0x00007ffbe0b43000 	C:\Windows\SYSTEM32\WINMM.dll
0x00007ffbe4320000 - 0x00007ffbe4389000 	C:\Windows\system32\WS2_32.dll
0x00007ffbe1660000 - 0x00007ffbe166a000 	C:\Windows\SYSTEM32\VERSION.dll
0x00007ffbe3f90000 - 0x00007ffbe3f98000 	C:\Windows\system32\NSI.dll
0x00007ffbe0ac0000 - 0x00007ffbe0aec000 	C:\Windows\SYSTEM32\WINMMBASE.dll
0x00007ffbe2dd0000 - 0x00007ffbe2e14000 	C:\Windows\system32\cfgmgr32.dll
0x00007ffbe0e10000 - 0x00007ffbe0e37000 	C:\Windows\SYSTEM32\DEVOBJ.dll
0x000000005f880000 - 0x000000005f88f000 	C:\Software\Tools\Java\jre\bin\verify.dll
0x000000005f850000 - 0x000000005f879000 	C:\Software\Tools\Java\jre\bin\java.dll
0x000000005f830000 - 0x000000005f846000 	C:\Software\Tools\Java\jre\bin\zip.dll
0x00007ffbe47b0000 - 0x00007ffbe5cd2000 	C:\Windows\system32\SHELL32.dll
0x00007ffbe2ee0000 - 0x00007ffbe3508000 	C:\Windows\system32\windows.storage.dll
0x00007ffbe3ab0000 - 0x00007ffbe3d2c000 	C:\Windows\system32\combase.dll
0x00007ffbe4620000 - 0x00007ffbe4671000 	C:\Windows\system32\shlwapi.dll
0x00007ffbe2a90000 - 0x00007ffbe2a9f000 	C:\Windows\system32\kernel.appcore.dll
0x00007ffbe2e20000 - 0x00007ffbe2ed3000 	C:\Windows\system32\shcore.dll
0x00007ffbe2aa0000 - 0x00007ffbe2aea000 	C:\Windows\system32\powrprof.dll
0x00007ffbe2a50000 - 0x00007ffbe2a63000 	C:\Windows\system32\profapi.dll

VM Arguments:
jvm_args: -Xmx1024M -Dfile.encoding=GBK -Duser.country=CN -Duser.language=zh -Duser.variant 
java_command: com.android.dx.command.Main --dex --output C:\Users\Aaron\Desktop\Smart Phone\Othello\app\build\intermediates\dex\debug C:\Users\Aaron\Desktop\Smart Phone\Othello\app\build\intermediates\classes\debug
java_class_path (initial): C:\Software\Works\Androidsdk\build-tools\22.0.1\lib\dx.jar
Launcher Type: SUN_STANDARD

Environment Variables:
JAVA_HOME=C:\Software\Tools\Java
CLASSPATH=C:\Software\Tools\Java\lib\tools.jar.;C:\Software\Tools\Java\lib.;c:\Program Files (x86)\QuickTime\QTSystem\QTJava.zip
PATH=C:\Software\Tools\Java\bin.;C:\Software\Tools\Java\jre\bin.;
USERNAME=Aaron
OS=Windows_NT
PROCESSOR_IDENTIFIER=Intel64 Family 6 Model 58 Stepping 9, GenuineIntel



---------------  S Y S T E M  ---------------

OS: Windows 10.0 , 64 bit Build 10240 (10.0.10240.16384)

CPU:total 4 (2 cores per cpu, 2 threads per core) family 6 model 58 stepping 9, cmov, cx8, fxsr, mmx, sse, sse2, sse3, ssse3, sse4.1, sse4.2, popcnt, avx, aes, clmul, erms, ht, tsc, tscinvbit, tscinv

Memory: 4k page, physical 8077096k(1395256k free), swap 8077096k(5524k free)

vm_info: Java HotSpot(TM) 64-Bit Server VM (25.60-b23) for windows-amd64 JRE (1.8.0_60-b27), built on Aug  4 2015 11:06:27 by "java_re" with MS VC++ 10.0 (VS2010)

time: Sun Nov 08 17:40:04 2015
elapsed time: 0 seconds (0d 0h 0m 0s)

